#
# A fatal error has been detected by the Java Runtime Environment:
#
#  EXCEPTION_ACCESS_VIOLATION (0xc0000005) at pc=0xffffffffa3995120, pid=5660, tid=0x000000000000021c
#
# JRE version: Java(TM) SE Runtime Environment (8.0_131-b11) (build 1.8.0_131-b11)
# Java VM: Java HotSpot(TM) 64-Bit Server VM (25.131-b11 mixed mode windows-amd64 compressed oops)
# Problematic frame:
# C  0xffffffffa3995120
#
# Failed to write core dump. Minidumps are not enabled by default on client versions of Windows
#
# If you would like to submit a bug report, please visit:
#   http://bugreport.java.com/bugreport/crash.jsp
#

---------------  T H R E A D  ---------------

Current thread (0x000000000223a000):  JavaThread "main" [_thread_in_Java, id=540, stack(0x00000000025c0000,0x00000000026c0000)]

siginfo: ExceptionCode=0xc0000005, ExceptionInformation=0x0000000000000008 0xffffffffa3995120

Registers:
RAX=0x0000000054b89968, RBX=0x0000000054b89968, RCX=0x00000000eae44f58, RDX=0x00000000eae44f58
RSP=0x00000000026bca78, RBP=0x00000000026bcae8, RSI=0x0000000000000188, RDI=0x0000000000000131
R8 =0x00000000ead03c30, R9 =0x00000000ead03c48, R10=0x000000005e4ee110, R11=0x0000000002b16800
R12=0x0000000000000000, R13=0x00000000026bca90, R14=0x0000000054b951a8, R15=0x000000000223a000
RIP=0xffffffffa3995120, EFLAGS=0x0000000000010202

Top of Stack: (sp=0x00000000026bca78)
0x00000000026bca78:   0000000002997b90 0000000002997850
0x00000000026bca88:   0000000002997b90 00000000eae44f58
0x00000000026bca98:   0000000000000001 00000000eae44398
0x00000000026bcaa8:   00000000026bca98 0000000054b8e2fd
0x00000000026bcab8:   00000000026bcb28 0000000054b8e668
0x00000000026bcac8:   0000000054b951a8 0000000054b8e350
0x00000000026bcad8:   00000000026bca90 00000000026bcb30
0x00000000026bcae8:   00000000026bcbd8 0000000002b1eafc
0x00000000026bcaf8:   0000000000000000 0000000000000000
0x00000000026bcb08:   0000000000000000 00000000eae44398
0x00000000026bcb18:   0000000000000000 00000000eaf09058
0x00000000026bcb28:   00000000eae45518 0000000000000001
0x00000000026bcb38:   00000000eae45448 00000000026bcb40
0x00000000026bcb48:   0000000054b1b65a 00000000eae45518
0x00000000026bcb58:   0000000000000001 00000000eae45518
0x00000000026bcb68:   0000000054b1b668 00000000026bcbd8 

Instructions: (pc=0xffffffffa3995120)
0xffffffffa3995100:   
[error occurred during error reporting (printing registers, top of stack, instructions near pc), id 0xc0000005]

Register to memory mapping:

RAX={method} {0x0000000054b89970} 'address' '()J' in 'sun/nio/fs/NativeBuffer'
RBX={method} {0x0000000054b89970} 'address' '()J' in 'sun/nio/fs/NativeBuffer'
RCX=0x00000000eae44f58 is an oop
sun.nio.fs.NativeBuffer 
 - klass: 'sun/nio/fs/NativeBuffer'
RDX=0x00000000eae44f58 is an oop
sun.nio.fs.NativeBuffer 
 - klass: 'sun/nio/fs/NativeBuffer'
RSP=0x00000000026bca78 is pointing into the stack for thread: 0x000000000223a000
RBP=0x00000000026bcae8 is pointing into the stack for thread: 0x000000000223a000
RSI=0x0000000000000188 is an unknown value
RDI=0x0000000000000131 is an unknown value
R8 =0x00000000ead03c30 is an oop
java.lang.String 
 - klass: 'java/lang/String'
R9 =0x00000000ead03c48 is an oop
[C 
 - klass: {type array char}
 - length: 2
R10=0x000000005e4ee110 is an unknown value
R11=0x0000000002b16800 is at entry_point+32 in (nmethod*)0x0000000002b16690
R12=0x0000000000000000 is an unknown value
R13=0x00000000026bca90 is pointing into the stack for thread: 0x000000000223a000
R14=0x0000000054b951a8 is pointing into metadata
R15=0x000000000223a000 is a thread


Stack: [0x00000000025c0000,0x00000000026c0000],  sp=0x00000000026bca78,  free space=1010k
Native frames: (J=compiled Java code, j=interpreted, Vv=VM code, C=native code)
C  0xffffffffa3995120


---------------  P R O C E S S  ---------------

Java Threads: ( => current thread )
  0x0000000056c3e000 JavaThread "Service Thread" daemon [_thread_blocked, id=2324, stack(0x0000000057220000,0x0000000057320000)]
  0x0000000056bb6800 JavaThread "C1 CompilerThread2" daemon [_thread_blocked, id=3468, stack(0x0000000056fe0000,0x00000000570e0000)]
  0x0000000056bb1000 JavaThread "C2 CompilerThread1" daemon [_thread_blocked, id=6980, stack(0x0000000056950000,0x0000000056a50000)]
  0x00000000550f9800 JavaThread "C2 CompilerThread0" daemon [_thread_blocked, id=3076, stack(0x0000000056ab0000,0x0000000056bb0000)]
  0x00000000550f8000 JavaThread "Attach Listener" daemon [_thread_blocked, id=3444, stack(0x0000000056130000,0x0000000056230000)]
  0x00000000550ff000 JavaThread "Signal Dispatcher" daemon [_thread_blocked, id=6408, stack(0x0000000056810000,0x0000000056910000)]
  0x00000000550df800 JavaThread "Finalizer" daemon [_thread_blocked, id=6704, stack(0x0000000056630000,0x0000000056730000)]
  0x0000000055096800 JavaThread "Reference Handler" daemon [_thread_blocked, id=4580, stack(0x0000000056450000,0x0000000056550000)]
=>0x000000000223a000 JavaThread "main" [_thread_in_Java, id=540, stack(0x00000000025c0000,0x00000000026c0000)]

Other Threads:
  0x0000000055090800 VMThread [stack: 0x0000000056270000,0x0000000056370000] [id=2432]

VM state:not at safepoint (normal execution)

VM Mutex/Monitor currently owned by a thread: None

Heap:
 PSYoungGen      total 18944K, used 4363K [0x00000000eab00000, 0x00000000ec000000, 0x0000000100000000)
  eden space 16384K, 26% used [0x00000000eab00000,0x00000000eaf42d18,0x00000000ebb00000)
  from space 2560K, 0% used [0x00000000ebd80000,0x00000000ebd80000,0x00000000ec000000)
  to   space 2560K, 0% used [0x00000000ebb00000,0x00000000ebb00000,0x00000000ebd80000)
 ParOldGen       total 44032K, used 0K [0x00000000c0000000, 0x00000000c2b00000, 0x00000000eab00000)
  object space 44032K, 0% used [0x00000000c0000000,0x00000000c0000000,0x00000000c2b00000)
 Metaspace       used 5358K, capacity 5400K, committed 5632K, reserved 1056768K
  class space    used 641K, capacity 648K, committed 768K, reserved 1048576K

Card table byte_map: [0x0000000011d50000,0x0000000011f60000] byte_map_base: 0x0000000011750000

Marking Bits: (ParMarkBitMap*) 0x000000005e50c720
 Begin Bits: [0x0000000012500000, 0x0000000013500000)
 End Bits:   [0x0000000013500000, 0x0000000014500000)

Polling page: 0x0000000000320000

CodeCache: size=245760Kb used=1666Kb max_used=1666Kb free=244093Kb
 bounds [0x0000000002990000, 0x0000000002c00000, 0x0000000011990000]
 total_blobs=605 nmethods=301 adapters=219
 compilation: enabled

Compilation events (10 events):
Event: 2.086 Thread 0x0000000056bb6800 nmethod 281 0x0000000002b2acd0 code [0x0000000002b2af40, 0x0000000002b2bc08]
Event: 2.086 Thread 0x0000000056bb6800  282   !   3       java.lang.StringCoding::encode (120 bytes)
Event: 2.087 Thread 0x00000000550f9800 nmethod 301 0x0000000002b2f190 code [0x0000000002b2f2e0, 0x0000000002b2f5b8]
Event: 2.089 Thread 0x0000000056bb6800 nmethod 282 0x0000000002b2c5d0 code [0x0000000002b2c900, 0x0000000002b2e2d8]
Event: 2.089 Thread 0x0000000056bb6800  288       3       java.lang.StringCoding::access$300 (8 bytes)
Event: 2.090 Thread 0x0000000056bb6800 nmethod 288 0x0000000002b2f7d0 code [0x0000000002b2f960, 0x0000000002b2fe88]
Event: 2.090 Thread 0x0000000056bb6800  289       3       java.lang.StringCoding::safeTrim (24 bytes)
Event: 2.090 Thread 0x0000000056bb6800 nmethod 289 0x0000000002b300d0 code [0x0000000002b30260, 0x0000000002b30708]
Event: 2.090 Thread 0x0000000056bb6800  294       3       sun.nio.fs.WindowsPath::getFileName (87 bytes)
Event: 2.091 Thread 0x0000000056bb6800 nmethod 294 0x0000000002b308d0 code [0x0000000002b30aa0, 0x0000000002b31578]

GC Heap History (0 events):
No events

Deoptimization events (0 events):
No events

Internal exceptions (10 events):
Event: 0.471 Thread 0x000000000223a000 Exception <a 'java/lang/ArrayIndexOutOfBoundsException'> (0x00000000eac49a88) thrown at [C:\re\workspace\8-2-build-windows-amd64-cygwin\jdk8u131\8869\hotspot\src\share\vm\runtime\sharedRuntime.cpp, line 605]
Event: 0.505 Thread 0x000000000223a000 Exception <a 'java/lang/ArrayIndexOutOfBoundsException'> (0x00000000eac6fd70) thrown at [C:\re\workspace\8-2-build-windows-amd64-cygwin\jdk8u131\8869\hotspot\src\share\vm\runtime\sharedRuntime.cpp, line 605]
Event: 0.508 Thread 0x000000000223a000 Exception <a 'java/lang/ArrayIndexOutOfBoundsException'> (0x00000000eac70fd8) thrown at [C:\re\workspace\8-2-build-windows-amd64-cygwin\jdk8u131\8869\hotspot\src\share\vm\runtime\sharedRuntime.cpp, line 605]
Event: 0.510 Thread 0x000000000223a000 Exception <a 'java/lang/ArrayIndexOutOfBoundsException'> (0x00000000eac728c0) thrown at [C:\re\workspace\8-2-build-windows-amd64-cygwin\jdk8u131\8869\hotspot\src\share\vm\runtime\sharedRuntime.cpp, line 605]
Event: 0.544 Thread 0x000000000223a000 Exception <a 'java/lang/ArrayIndexOutOfBoundsException'> (0x00000000eac98ad0) thrown at [C:\re\workspace\8-2-build-windows-amd64-cygwin\jdk8u131\8869\hotspot\src\share\vm\runtime\sharedRuntime.cpp, line 605]
Event: 0.565 Thread 0x000000000223a000 Exception <a 'java/lang/ArrayIndexOutOfBoundsException'> (0x00000000eaca84a8) thrown at [C:\re\workspace\8-2-build-windows-amd64-cygwin\jdk8u131\8869\hotspot\src\share\vm\runtime\sharedRuntime.cpp, line 605]
Event: 0.790 Thread 0x000000000223a000 Exception <a 'java/security/PrivilegedActionException'> (0x00000000eacf5dd0) thrown at [C:\re\workspace\8-2-build-windows-amd64-cygwin\jdk8u131\8869\hotspot\src\share\vm\prims\jvm.cpp, line 1390]
Event: 0.790 Thread 0x000000000223a000 Exception <a 'java/security/PrivilegedActionException'> (0x00000000eacf5fe0) thrown at [C:\re\workspace\8-2-build-windows-amd64-cygwin\jdk8u131\8869\hotspot\src\share\vm\prims\jvm.cpp, line 1390]
Event: 0.799 Thread 0x000000000223a000 Exception <a 'java/security/PrivilegedActionException'> (0x00000000eacf9c50) thrown at [C:\re\workspace\8-2-build-windows-amd64-cygwin\jdk8u131\8869\hotspot\src\share\vm\prims\jvm.cpp, line 1390]
Event: 0.799 Thread 0x000000000223a000 Exception <a 'java/security/PrivilegedActionException'> (0x00000000eacf9e60) thrown at [C:\re\workspace\8-2-build-windows-amd64-cygwin\jdk8u131\8869\hotspot\src\share\vm\prims\jvm.cpp, line 1390]

Events (10 events):
Event: 2.045 loading class java/nio/file/attribute/BasicFileAttributes
Event: 2.045 loading class java/nio/file/attribute/BasicFileAttributes done
Event: 2.045 loading class java/nio/file/attribute/DosFileAttributes done
Event: 2.045 loading class sun/nio/fs/WindowsFileAttributes done
Event: 2.046 loading class sun/nio/fs/WindowsDirectoryStream$WindowsDirectoryIterator
Event: 2.046 loading class sun/nio/fs/WindowsDirectoryStream$WindowsDirectoryIterator done
Event: 2.047 loading class sun/nio/fs/WindowsPath$WindowsPathWithAttributes
Event: 2.047 loading class sun/nio/fs/BasicFileAttributesHolder
Event: 2.047 loading class sun/nio/fs/BasicFileAttributesHolder done
Event: 2.047 loading class sun/nio/fs/WindowsPath$WindowsPathWithAttributes done


Dynamic libraries:
0x000000013f890000 - 0x000000013f8c7000 	C:\Program Files\Java\jre1.8.0_131\bin\javaw.exe
0x0000000077ae0000 - 0x0000000077c8a000 	C:\Windows\SYSTEM32\ntdll.dll
0x00000000778c0000 - 0x00000000779df000 	C:\Windows\system32\kernel32.dll
0x000007fefdb70000 - 0x000007fefdbdb000 	C:\Windows\system32\KERNELBASE.dll
0x000007fefe830000 - 0x000007fefe90b000 	C:\Windows\system32\ADVAPI32.dll
0x000007fefeaf0000 - 0x000007fefeb8f000 	C:\Windows\system32\msvcrt.dll
0x000007fefe250000 - 0x000007fefe26f000 	C:\Windows\SYSTEM32\sechost.dll
0x000007fefe020000 - 0x000007fefe14d000 	C:\Windows\system32\RPCRT4.dll
0x00000000779e0000 - 0x0000000077ada000 	C:\Windows\system32\USER32.dll
0x000007feffc50000 - 0x000007feffcb7000 	C:\Windows\system32\GDI32.dll
0x000007fefe380000 - 0x000007fefe38e000 	C:\Windows\system32\LPK.dll
0x000007feffd10000 - 0x000007feffdda000 	C:\Windows\system32\USP10.dll
0x000007fefc0a0000 - 0x000007fefc294000 	C:\Windows\WinSxS\amd64_microsoft.windows.common-controls_6595b64144ccf1df_6.0.7601.18837_none_fa3b1e3d17594757\COMCTL32.dll
0x000007feffa80000 - 0x000007feffaf1000 	C:\Windows\system32\SHLWAPI.dll
0x000007fefe5f0000 - 0x000007fefe61e000 	C:\Windows\system32\IMM32.DLL
0x000007fefe270000 - 0x000007fefe379000 	C:\Windows\system32\MSCTF.dll
0x00000000621f0000 - 0x00000000622c2000 	C:\Program Files\Java\jre1.8.0_131\bin\msvcr100.dll
0x000000005dcf0000 - 0x000000005e58c000 	C:\Program Files\Java\jre1.8.0_131\bin\server\jvm.dll
0x000007fef31b0000 - 0x000007fef31b9000 	C:\Windows\system32\WSOCK32.dll
0x000007feffcc0000 - 0x000007feffd0d000 	C:\Windows\system32\WS2_32.dll
0x000007feffde0000 - 0x000007feffde8000 	C:\Windows\system32\NSI.dll
0x000007fefb4e0000 - 0x000007fefb51b000 	C:\Windows\system32\WINMM.dll
0x000007fefd430000 - 0x000007fefd43c000 	C:\Windows\system32\VERSION.dll
0x0000000077cb0000 - 0x0000000077cb7000 	C:\Windows\system32\PSAPI.DLL
0x0000000064060000 - 0x000000006406f000 	C:\Program Files\Java\jre1.8.0_131\bin\verify.dll
0x0000000064030000 - 0x0000000064059000 	C:\Program Files\Java\jre1.8.0_131\bin\java.dll
0x0000000062340000 - 0x0000000062356000 	C:\Program Files\Java\jre1.8.0_131\bin\zip.dll
0x000007fefeb90000 - 0x000007feff919000 	C:\Windows\system32\SHELL32.dll
0x000007fefe620000 - 0x000007fefe823000 	C:\Windows\system32\ole32.dll
0x000007fefd9e0000 - 0x000007fefd9ef000 	C:\Windows\system32\profapi.dll
0x00000000621e0000 - 0x00000000621ed000 	C:\Program Files\Java\jre1.8.0_131\bin\management.dll
0x0000000062320000 - 0x000000006233a000 	C:\Program Files\Java\jre1.8.0_131\bin\net.dll
0x000007fefcf10000 - 0x000007fefcf65000 	C:\Windows\system32\mswsock.dll
0x000007fefcf00000 - 0x000007fefcf07000 	C:\Windows\System32\wship6.dll
0x0000000062300000 - 0x0000000062311000 	C:\Program Files\Java\jre1.8.0_131\bin\nio.dll
0x000007fefb620000 - 0x000007fefb635000 	C:\Windows\system32\NLAapi.dll
0x000007fef89b0000 - 0x000007fef89c5000 	C:\Windows\system32\napinsp.dll
0x000007fef8940000 - 0x000007fef8959000 	C:\Windows\system32\pnrpnsp.dll
0x000007fefcd90000 - 0x000007fefcdeb000 	C:\Windows\system32\DNSAPI.dll
0x000007fef8730000 - 0x000007fef873b000 	C:\Windows\System32\winrnr.dll
0x000007fefd440000 - 0x000007fefd447000 	C:\Windows\System32\wshtcpip.dll
0x000007fefaf70000 - 0x000007fefaf97000 	C:\Windows\system32\IPHLPAPI.DLL
0x000007fefaf60000 - 0x000007fefaf6b000 	C:\Windows\system32\WINNSI.DLL
0x000007fef8ba0000 - 0x000007fef8ba8000 	C:\Windows\system32\rasadhlp.dll
0x000007fefac00000 - 0x000007fefac53000 	C:\Windows\System32\fwpuclnt.dll
0x000007fefcf70000 - 0x000007fefcf88000 	C:\Windows\system32\CRYPTSP.dll
0x000007fefcc70000 - 0x000007fefccb7000 	C:\Windows\system32\rsaenh.dll
0x000007fefd550000 - 0x000007fefd56e000 	C:\Windows\system32\USERENV.dll
0x000007fefd910000 - 0x000007fefd91f000 	C:\Windows\system32\CRYPTBASE.dll
0x000007fefab60000 - 0x000007fefab71000 	C:\Windows\system32\dhcpcsvc6.DLL
0x000007fefab40000 - 0x000007fefab58000 	C:\Windows\system32\dhcpcsvc.DLL
0x000007feedd60000 - 0x000007feede85000 	C:\Windows\system32\dbghelp.dll

VM Arguments:
jvm_args: -Dcom.sun.management.jmxremote -Dcom.sun.management.jmxremote.port=57619 -Dcom.sun.management.jmxremote.authenticate=false -Dcom.sun.management.jmxremote.ssl=false -Dspring.liveBeansView.mbeanDomain -Dspring.application.admin.enabled=true -Dfile.encoding=UTF-8 
java_command: com.example.demo.ExamenApplication --spring.output.ansi.enabled=always
java_class_path (initial): C:\Users\david\Documents\STSworkspace\examen\target\classes;C:\Users\david\.m2\repository\org\springframework\boot\spring-boot-starter-data-jpa\1.5.10.RELEASE\spring-boot-starter-data-jpa-1.5.10.RELEASE.jar;C:\Users\david\.m2\repository\org\springframework\boot\spring-boot-starter\1.5.10.RELEASE\spring-boot-starter-1.5.10.RELEASE.jar;C:\Users\david\.m2\repository\org\springframework\boot\spring-boot\1.5.10.RELEASE\spring-boot-1.5.10.RELEASE.jar;C:\Users\david\.m2\repository\org\springframework\boot\spring-boot-autoconfigure\1.5.10.RELEASE\spring-boot-autoconfigure-1.5.10.RELEASE.jar;C:\Users\david\.m2\repository\org\springframework\boot\spring-boot-starter-logging\1.5.10.RELEASE\spring-boot-starter-logging-1.5.10.RELEASE.jar;C:\Users\david\.m2\repository\ch\qos\logback\logback-classic\1.1.11\logback-classic-1.1.11.jar;C:\Users\david\.m2\repository\ch\qos\logback\logback-core\1.1.11\logback-core-1.1.11.jar;C:\Users\david\.m2\repository\org\slf4j\jul-to-slf4j\1.7.25\jul-to-slf4j-1.7.25.jar;C:\Users\david\.m2\repository\org\slf4j\log4j-over-slf4j\1.7.25\log4j-over-slf4j-1.7.25.jar;C:\Users\david\.m2\repository\org\yaml\snakeyaml\1.17\snakeyaml-1.17.jar;C:\Users\david\.m2\repository\org\springframework\boot\spring-boot-starter-aop\1.5.10.RELEASE\spring-boot-starter-aop-1.5.10.RELEASE.jar;C:\Users\david\.m2\repository\org\springframework\spring-aop\4.3.14.RELEASE\spring-aop-4.3.14.RELEASE.jar;C:\Users\david\.m2\repository\org\aspectj\aspectjweaver\1.8.13\aspectjweaver-1.8.13.jar;C:\Users\david\.m2\repository\org\springframework\boot\spring-boot-starter-jdbc\1.5.10.RELEASE\spring-boot-starter-jdbc-1.5.10.RELEASE.jar;C:\Users\david\.m2\repository\org\apache\tomcat\tomcat-jdbc\8.5.27\tomcat-jdbc-8.5.27.jar;C:\Users\david\.m2\repository\org\apache\tomcat\tomcat-juli\8.5.27\tomcat-juli-8.5.27.jar;C:\Users\david\.m2\repository\org\springframework\spring-jdbc\4.3.14.RELEASE\spring-jdbc-4.3.14.RELEASE.jar;C:\Users\david\.m2\repository\org\hibernate\h
Launcher Type: SUN_STANDARD

Environment Variables:
PATH=C:/Program Files/Java/jre1.8.0_131/bin/server;C:/Program Files/Java/jre1.8.0_131/bin;C:/Program Files/Java/jre1.8.0_131/lib/amd64;C:\ProgramData\Oracle\Java\javapath;C:\Windows\system32;C:\Windows;C:\Windows\System32\Wbem;C:\Windows\System32\WindowsPowerShell\v1.0\;C:\Program Files (x86)\NVIDIA Corporation\PhysX\Common;C:\Program Files\Java\jdk1.8.0_112\bin;C:\Program Files (x86)\Atmel\Flip 3.4.7\bin;C:\Users\david\Desktop\sts-3.8.3.RELEASE;
USERNAME=david
OS=Windows_NT
PROCESSOR_IDENTIFIER=Intel64 Family 6 Model 15 Stepping 11, GenuineIntel



---------------  S Y S T E M  ---------------

OS: Windows 7 , 64 bit Build 7601 (6.1.7601.19160)

CPU:total 4 (initial active 4) (4 cores per cpu, 1 threads per core) family 6 model 15 stepping 11, cmov, cx8, fxsr, mmx, sse, sse2, sse3, ssse3, tsc

Memory: 4k page, physical 4192436k(741732k free), swap 8383036k(3125868k free)

vm_info: Java HotSpot(TM) 64-Bit Server VM (25.131-b11) for windows-amd64 JRE (1.8.0_131-b11), built on Mar 15 2017 01:23:53 by "java_re" with MS VC++ 10.0 (VS2010)

time: Thu Feb 22 18:57:59 2018
elapsed time: 2 seconds (0d 0h 0m 2s)

